-------------------------------------------------------------------------------
Test set: br.com.devdojo.demo.SpringBootEssentialsApplicationTests
-------------------------------------------------------------------------------
Tests run: 1, Failures: 0, Errors: 1, Skipped: 0, Time elapsed: 4.399 s <<< FAILURE! - in br.com.devdojo.demo.SpringBootEssentialsApplicationTests
contextLoads(br.com.devdojo.demo.SpringBootEssentialsApplicationTests)  Time elapsed: 0.002 s  <<< ERROR!
java.lang.IllegalStateException: Failed to load ApplicationContext
Caused by: org.springframework.beans.factory.UnsatisfiedDependencyException: Error creating bean with name 'studentEndpoint' defined in file [/home/andreas/IdeaProjects/springboot-essentials/target/classes/br/com/devdojo/demo/Endpoint/StudentEndpoint.class]: Unsatisfied dependency expressed through constructor parameter 0; nested exception is org.springframework.beans.factory.BeanCreationException: Error creating bean with name 'studentRepository': Invocation of init method failed; nested exception is java.lang.IllegalArgumentException: Failed to create query for method public abstract void br.com.devdojo.demo.repository.StudentRepository.delete(java.lang.Long)! No property delete found for type Student!
Caused by: org.springframework.beans.factory.BeanCreationException: Error creating bean with name 'studentRepository': Invocation of init method failed; nested exception is java.lang.IllegalArgumentException: Failed to create query for method public abstract void br.com.devdojo.demo.repository.StudentRepository.delete(java.lang.Long)! No property delete found for type Student!
Caused by: java.lang.IllegalArgumentException: Failed to create query for method public abstract void br.com.devdojo.demo.repository.StudentRepository.delete(java.lang.Long)! No property delete found for type Student!
Caused by: org.springframework.data.mapping.PropertyReferenceException: No property delete found for type Student!

